/Users/bond/.rvm/gems/ruby-2.3.0/gems/bundler-1.12.5/lib/bundler/spec_set.rb:95:in `block in materialize': Could not find activesupport-5.0.0 in any of the sources (Bundler::GemNotFound)
	from /Users/bond/.rvm/gems/ruby-2.3.0/gems/bundler-1.12.5/lib/bundler/spec_set.rb:88:in `map!'
	from /Users/bond/.rvm/gems/ruby-2.3.0/gems/bundler-1.12.5/lib/bundler/spec_set.rb:88:in `materialize'
	from /Users/bond/.rvm/gems/ruby-2.3.0/gems/bundler-1.12.5/lib/bundler/definition.rb:140:in `specs'
	from /Users/bond/.rvm/gems/ruby-2.3.0/gems/bundler-1.12.5/lib/bundler/definition.rb:185:in `specs_for'
	from /Users/bond/.rvm/gems/ruby-2.3.0/gems/bundler-1.12.5/lib/bundler/definition.rb:174:in `requested_specs'
	from /Users/bond/.rvm/gems/ruby-2.3.0/gems/bundler-1.12.5/lib/bundler/environment.rb:19:in `requested_specs'
	from /Users/bond/.rvm/gems/ruby-2.3.0/gems/bundler-1.12.5/lib/bundler/runtime.rb:14:in `setup'
	from /Users/bond/.rvm/gems/ruby-2.3.0/gems/bundler-1.12.5/lib/bundler.rb:95:in `setup'
	from /Users/bond/.rvm/gems/ruby-2.3.0/gems/bundler-1.12.5/lib/bundler/setup.rb:19:in `<top (required)>'
	from /Users/bond/.rvm/rubies/ruby-2.3.0/lib/ruby/site_ruby/2.3.0/rubygems/core_ext/kernel_require.rb:55:in `require'
	from /Users/bond/.rvm/rubies/ruby-2.3.0/lib/ruby/site_ruby/2.3.0/rubygems/core_ext/kernel_require.rb:55:in `require'
/Users/bond/.rvm/gems/ruby-2.3.0/gems/bundler-1.12.5/lib/bundler/spec_set.rb:95:in `block in materialize': Could not find activesupport-5.0.0 in any of the sources (Bundler::GemNotFound)
	from /Users/bond/.rvm/gems/ruby-2.3.0/gems/bundler-1.12.5/lib/bundler/spec_set.rb:88:in `map!'
	from /Users/bond/.rvm/gems/ruby-2.3.0/gems/bundler-1.12.5/lib/bundler/spec_set.rb:88:in `materialize'
	from /Users/bond/.rvm/gems/ruby-2.3.0/gems/bundler-1.12.5/lib/bundler/definition.rb:140:in `specs'
	from /Users/bond/.rvm/gems/ruby-2.3.0/gems/bundler-1.12.5/lib/bundler/definition.rb:185:in `specs_for'
	from /Users/bond/.rvm/gems/ruby-2.3.0/gems/bundler-1.12.5/lib/bundler/definition.rb:174:in `requested_specs'
	from /Users/bond/.rvm/gems/ruby-2.3.0/gems/bundler-1.12.5/lib/bundler/environment.rb:19:in `requested_specs'
	from /Users/bond/.rvm/gems/ruby-2.3.0/gems/bundler-1.12.5/lib/bundler/runtime.rb:14:in `setup'
	from /Users/bond/.rvm/gems/ruby-2.3.0/gems/bundler-1.12.5/lib/bundler.rb:95:in `setup'
	from /Users/bond/.rvm/gems/ruby-2.3.0/gems/bundler-1.12.5/lib/bundler/setup.rb:19:in `<top (required)>'
	from /Users/bond/.rvm/rubies/ruby-2.3.0/lib/ruby/site_ruby/2.3.0/rubygems/core_ext/kernel_require.rb:55:in `require'
	from /Users/bond/.rvm/rubies/ruby-2.3.0/lib/ruby/site_ruby/2.3.0/rubygems/core_ext/kernel_require.rb:55:in `require'
/Users/bond/.rvm/gems/ruby-2.3.0/gems/bundler-1.12.5/lib/bundler/spec_set.rb:95:in `block in materialize': Could not find activesupport-5.0.0 in any of the sources (Bundler::GemNotFound)
	from /Users/bond/.rvm/gems/ruby-2.3.0/gems/bundler-1.12.5/lib/bundler/spec_set.rb:88:in `map!'
	from /Users/bond/.rvm/gems/ruby-2.3.0/gems/bundler-1.12.5/lib/bundler/spec_set.rb:88:in `materialize'
	from /Users/bond/.rvm/gems/ruby-2.3.0/gems/bundler-1.12.5/lib/bundler/definition.rb:140:in `specs'
	from /Users/bond/.rvm/gems/ruby-2.3.0/gems/bundler-1.12.5/lib/bundler/definition.rb:185:in `specs_for'
	from /Users/bond/.rvm/gems/ruby-2.3.0/gems/bundler-1.12.5/lib/bundler/definition.rb:174:in `requested_specs'
	from /Users/bond/.rvm/gems/ruby-2.3.0/gems/bundler-1.12.5/lib/bundler/environment.rb:19:in `requested_specs'
	from /Users/bond/.rvm/gems/ruby-2.3.0/gems/bundler-1.12.5/lib/bundler/runtime.rb:14:in `setup'
	from /Users/bond/.rvm/gems/ruby-2.3.0/gems/bundler-1.12.5/lib/bundler.rb:95:in `setup'
	from /Users/bond/.rvm/gems/ruby-2.3.0/gems/bundler-1.12.5/lib/bundler/setup.rb:19:in `<top (required)>'
	from /Users/bond/.rvm/rubies/ruby-2.3.0/lib/ruby/site_ruby/2.3.0/rubygems/core_ext/kernel_require.rb:55:in `require'
	from /Users/bond/.rvm/rubies/ruby-2.3.0/lib/ruby/site_ruby/2.3.0/rubygems/core_ext/kernel_require.rb:55:in `require'
/Users/bond/.rvm/gems/ruby-2.3.0/gems/bundler-1.12.5/lib/bundler/spec_set.rb:95:in `block in materialize': Could not find activesupport-5.0.0 in any of the sources (Bundler::GemNotFound)
	from /Users/bond/.rvm/gems/ruby-2.3.0/gems/bundler-1.12.5/lib/bundler/spec_set.rb:88:in `map!'
	from /Users/bond/.rvm/gems/ruby-2.3.0/gems/bundler-1.12.5/lib/bundler/spec_set.rb:88:in `materialize'
	from /Users/bond/.rvm/gems/ruby-2.3.0/gems/bundler-1.12.5/lib/bundler/definition.rb:140:in `specs'
	from /Users/bond/.rvm/gems/ruby-2.3.0/gems/bundler-1.12.5/lib/bundler/definition.rb:185:in `specs_for'
	from /Users/bond/.rvm/gems/ruby-2.3.0/gems/bundler-1.12.5/lib/bundler/definition.rb:174:in `requested_specs'
	from /Users/bond/.rvm/gems/ruby-2.3.0/gems/bundler-1.12.5/lib/bundler/environment.rb:19:in `requested_specs'
	from /Users/bond/.rvm/gems/ruby-2.3.0/gems/bundler-1.12.5/lib/bundler/runtime.rb:14:in `setup'
	from /Users/bond/.rvm/gems/ruby-2.3.0/gems/bundler-1.12.5/lib/bundler.rb:95:in `setup'
	from /Users/bond/.rvm/gems/ruby-2.3.0/gems/bundler-1.12.5/lib/bundler/setup.rb:19:in `<top (required)>'
	from /Users/bond/.rvm/rubies/ruby-2.3.0/lib/ruby/site_ruby/2.3.0/rubygems/core_ext/kernel_require.rb:55:in `require'
	from /Users/bond/.rvm/rubies/ruby-2.3.0/lib/ruby/site_ruby/2.3.0/rubygems/core_ext/kernel_require.rb:55:in `require'
/Users/bond/.rvm/gems/ruby-2.3.0/gems/bundler-1.12.5/lib/bundler/spec_set.rb:95:in `block in materialize': Could not find activesupport-5.0.0 in any of the sources (Bundler::GemNotFound)
	from /Users/bond/.rvm/gems/ruby-2.3.0/gems/bundler-1.12.5/lib/bundler/spec_set.rb:88:in `map!'
	from /Users/bond/.rvm/gems/ruby-2.3.0/gems/bundler-1.12.5/lib/bundler/spec_set.rb:88:in `materialize'
	from /Users/bond/.rvm/gems/ruby-2.3.0/gems/bundler-1.12.5/lib/bundler/definition.rb:140:in `specs'
	from /Users/bond/.rvm/gems/ruby-2.3.0/gems/bundler-1.12.5/lib/bundler/definition.rb:185:in `specs_for'
	from /Users/bond/.rvm/gems/ruby-2.3.0/gems/bundler-1.12.5/lib/bundler/definition.rb:174:in `requested_specs'
	from /Users/bond/.rvm/gems/ruby-2.3.0/gems/bundler-1.12.5/lib/bundler/environment.rb:19:in `requested_specs'
	from /Users/bond/.rvm/gems/ruby-2.3.0/gems/bundler-1.12.5/lib/bundler/runtime.rb:14:in `setup'
	from /Users/bond/.rvm/gems/ruby-2.3.0/gems/bundler-1.12.5/lib/bundler.rb:95:in `setup'
	from /Users/bond/.rvm/gems/ruby-2.3.0/gems/bundler-1.12.5/lib/bundler/setup.rb:19:in `<top (required)>'
	from /Users/bond/.rvm/rubies/ruby-2.3.0/lib/ruby/site_ruby/2.3.0/rubygems/core_ext/kernel_require.rb:55:in `require'
	from /Users/bond/.rvm/rubies/ruby-2.3.0/lib/ruby/site_ruby/2.3.0/rubygems/core_ext/kernel_require.rb:55:in `require'
/Users/bond/.rvm/gems/ruby-2.3.0/gems/bundler-1.12.5/lib/bundler/spec_set.rb:95:in `block in materialize': Could not find activesupport-5.0.0 in any of the sources (Bundler::GemNotFound)
	from /Users/bond/.rvm/gems/ruby-2.3.0/gems/bundler-1.12.5/lib/bundler/spec_set.rb:88:in `map!'
	from /Users/bond/.rvm/gems/ruby-2.3.0/gems/bundler-1.12.5/lib/bundler/spec_set.rb:88:in `materialize'
	from /Users/bond/.rvm/gems/ruby-2.3.0/gems/bundler-1.12.5/lib/bundler/definition.rb:140:in `specs'
	from /Users/bond/.rvm/gems/ruby-2.3.0/gems/bundler-1.12.5/lib/bundler/definition.rb:185:in `specs_for'
	from /Users/bond/.rvm/gems/ruby-2.3.0/gems/bundler-1.12.5/lib/bundler/definition.rb:174:in `requested_specs'
	from /Users/bond/.rvm/gems/ruby-2.3.0/gems/bundler-1.12.5/lib/bundler/environment.rb:19:in `requested_specs'
	from /Users/bond/.rvm/gems/ruby-2.3.0/gems/bundler-1.12.5/lib/bundler/runtime.rb:14:in `setup'
	from /Users/bond/.rvm/gems/ruby-2.3.0/gems/bundler-1.12.5/lib/bundler.rb:95:in `setup'
	from /Users/bond/.rvm/gems/ruby-2.3.0/gems/bundler-1.12.5/lib/bundler/setup.rb:19:in `<top (required)>'
	from /Users/bond/.rvm/rubies/ruby-2.3.0/lib/ruby/site_ruby/2.3.0/rubygems/core_ext/kernel_require.rb:55:in `require'
	from /Users/bond/.rvm/rubies/ruby-2.3.0/lib/ruby/site_ruby/2.3.0/rubygems/core_ext/kernel_require.rb:55:in `require'
/Users/bond/.rvm/gems/ruby-2.3.0/gems/bundler-1.12.5/lib/bundler/spec_set.rb:95:in `block in materialize': Could not find activesupport-5.0.0 in any of the sources (Bundler::GemNotFound)
	from /Users/bond/.rvm/gems/ruby-2.3.0/gems/bundler-1.12.5/lib/bundler/spec_set.rb:88:in `map!'
	from /Users/bond/.rvm/gems/ruby-2.3.0/gems/bundler-1.12.5/lib/bundler/spec_set.rb:88:in `materialize'
	from /Users/bond/.rvm/gems/ruby-2.3.0/gems/bundler-1.12.5/lib/bundler/definition.rb:140:in `specs'
	from /Users/bond/.rvm/gems/ruby-2.3.0/gems/bundler-1.12.5/lib/bundler/definition.rb:185:in `specs_for'
	from /Users/bond/.rvm/gems/ruby-2.3.0/gems/bundler-1.12.5/lib/bundler/definition.rb:174:in `requested_specs'
	from /Users/bond/.rvm/gems/ruby-2.3.0/gems/bundler-1.12.5/lib/bundler/environment.rb:19:in `requested_specs'
	from /Users/bond/.rvm/gems/ruby-2.3.0/gems/bundler-1.12.5/lib/bundler/runtime.rb:14:in `setup'
	from /Users/bond/.rvm/gems/ruby-2.3.0/gems/bundler-1.12.5/lib/bundler.rb:95:in `setup'
	from /Users/bond/.rvm/gems/ruby-2.3.0/gems/bundler-1.12.5/lib/bundler/setup.rb:19:in `<top (required)>'
	from /Users/bond/.rvm/rubies/ruby-2.3.0/lib/ruby/site_ruby/2.3.0/rubygems/core_ext/kernel_require.rb:55:in `require'
	from /Users/bond/.rvm/rubies/ruby-2.3.0/lib/ruby/site_ruby/2.3.0/rubygems/core_ext/kernel_require.rb:55:in `require'
/Users/bond/.rvm/gems/ruby-2.3.0/gems/bundler-1.12.5/lib/bundler/spec_set.rb:95:in `block in materialize': Could not find activesupport-5.0.0 in any of the sources (Bundler::GemNotFound)
	from /Users/bond/.rvm/gems/ruby-2.3.0/gems/bundler-1.12.5/lib/bundler/spec_set.rb:88:in `map!'
	from /Users/bond/.rvm/gems/ruby-2.3.0/gems/bundler-1.12.5/lib/bundler/spec_set.rb:88:in `materialize'
	from /Users/bond/.rvm/gems/ruby-2.3.0/gems/bundler-1.12.5/lib/bundler/definition.rb:140:in `specs'
	from /Users/bond/.rvm/gems/ruby-2.3.0/gems/bundler-1.12.5/lib/bundler/definition.rb:185:in `specs_for'
	from /Users/bond/.rvm/gems/ruby-2.3.0/gems/bundler-1.12.5/lib/bundler/definition.rb:174:in `requested_specs'
	from /Users/bond/.rvm/gems/ruby-2.3.0/gems/bundler-1.12.5/lib/bundler/environment.rb:19:in `requested_specs'
	from /Users/bond/.rvm/gems/ruby-2.3.0/gems/bundler-1.12.5/lib/bundler/runtime.rb:14:in `setup'
	from /Users/bond/.rvm/gems/ruby-2.3.0/gems/bundler-1.12.5/lib/bundler.rb:95:in `setup'
	from /Users/bond/.rvm/gems/ruby-2.3.0/gems/bundler-1.12.5/lib/bundler/setup.rb:19:in `<top (required)>'
	from /Users/bond/.rvm/rubies/ruby-2.3.0/lib/ruby/site_ruby/2.3.0/rubygems/core_ext/kernel_require.rb:55:in `require'
	from /Users/bond/.rvm/rubies/ruby-2.3.0/lib/ruby/site_ruby/2.3.0/rubygems/core_ext/kernel_require.rb:55:in `require'
Hello, User!
Hello, User!
Hello, User!
